2024-09-11T09:57:26.315+0900 [INFO]  Terraform version: 1.9.5
2024-09-11T09:57:26.341+0900 [INFO]  Go runtime version: go1.22.5
2024-09-11T09:57:26.341+0900 [INFO]  CLI args: []string{"C:\\Java\\terraform\\terraform.exe", "plan"}
2024-09-11T09:57:26.345+0900 [INFO]  CLI command args: []string{"plan"}
2024-09-11T09:57:27.969+0900 [INFO]  backend/local: starting Plan operation
2024-09-11T09:57:27.975+0900 [INFO]  provider: configuring client automatic mTLS
2024-09-11T09:57:28.215+0900 [INFO]  provider.terraform-provider-aws_v5.66.0_x5.exe: configuring server automatic mTLS: timestamp="2024-09-11T09:57:28.186+0900"
2024-09-11T09:57:29.320+0900 [INFO]  provider: plugin process exited: plugin=.terraform/providers/registry.terraform.io/hashicorp/aws/5.66.0/windows_amd64/terraform-provider-aws_v5.66.0_x5.exe id=6556
2024-09-11T09:57:29.323+0900 [INFO]  provider: configuring client automatic mTLS
2024-09-11T09:57:29.548+0900 [INFO]  provider.terraform-provider-aws_v5.66.0_x5.exe: configuring server automatic mTLS: timestamp="2024-09-11T09:57:29.525+0900"
2024-09-11T09:57:29.768+0900 [INFO]  provider: plugin process exited: plugin=.terraform/providers/registry.terraform.io/hashicorp/aws/5.66.0/windows_amd64/terraform-provider-aws_v5.66.0_x5.exe id=11540
2024-09-11T09:57:29.768+0900 [INFO]  backend/local: plan calling Plan
2024-09-11T09:57:29.770+0900 [INFO]  provider: configuring client automatic mTLS
2024-09-11T09:57:29.998+0900 [INFO]  provider.terraform-provider-aws_v5.66.0_x5.exe: configuring server automatic mTLS: timestamp="2024-09-11T09:57:29.971+0900"
2024-09-11T09:57:30.165+0900 [INFO]  provider.terraform-provider-aws_v5.66.0_x5.exe: Retrieved credentials: @module=aws.aws-base tf_req_id=e1db1593-516e-b9a4-028d-3740d9c8bc3b @caller=github.com/hashicorp/aws-sdk-go-base/v2@v2.0.0-beta.55/logging/tf_logger.go:39 tf_aws.credentials_source="SharedConfigCredentials: C:\Users\cloud6a\.aws\credentials" tf_mux_provider="*schema.GRPCProviderServer" tf_provider_addr=registry.terraform.io/hashicorp/aws tf_rpc=ConfigureProvider timestamp="2024-09-11T09:57:30.164+0900"
2024-09-11T09:57:30.225+0900 [INFO]  provider.terraform-provider-aws_v5.66.0_x5.exe: Retrieved caller identity from STS: tf_req_id=e1db1593-516e-b9a4-028d-3740d9c8bc3b tf_rpc=ConfigureProvider @module=aws.aws-base tf_provider_addr=registry.terraform.io/hashicorp/aws tf_mux_provider="*schema.GRPCProviderServer" @caller=github.com/hashicorp/aws-sdk-go-base/v2@v2.0.0-beta.55/logging/tf_logger.go:39 timestamp="2024-09-11T09:57:30.224+0900"
2024-09-11T09:57:30.239+0900 [WARN]  Provider "registry.terraform.io/hashicorp/aws" produced an invalid plan for module.security_group.aws_security_group.this, but we are tolerating it because it is using the legacy plugin SDK.
    The following problems may be the cause of any confusing errors from downstream operations:
      - .ingress: planned value cty.SetVal([]cty.Value{cty.ObjectVal(map[string]cty.Value{"cidr_blocks":cty.ListVal([]cty.Value{cty.StringVal("0.0.0.0/0")}), "description":cty.StringVal("Allow HTTP from anywhere"), "from_port":cty.NumberIntVal(80), "ipv6_cidr_blocks":cty.ListValEmpty(cty.String), "prefix_list_ids":cty.ListValEmpty(cty.String), "protocol":cty.StringVal("tcp"), "security_groups":cty.SetValEmpty(cty.String), "self":cty.False, "to_port":cty.NumberIntVal(80)}), cty.ObjectVal(map[string]cty.Value{"cidr_blocks":cty.ListVal([]cty.Value{cty.StringVal("0.0.0.0/0")}), "description":cty.StringVal("Allow ssh from anywhere"), "from_port":cty.NumberIntVal(22), "ipv6_cidr_blocks":cty.ListValEmpty(cty.String), "prefix_list_ids":cty.ListValEmpty(cty.String), "protocol":cty.StringVal("tcp"), "security_groups":cty.SetValEmpty(cty.String), "self":cty.False, "to_port":cty.NumberIntVal(22)})}) does not match config value cty.SetVal([]cty.Value{cty.ObjectVal(map[string]cty.Value{"cidr_blocks":cty.ListVal([]cty.Value{cty.StringVal("0.0.0.0/0")}), "description":cty.StringVal("Allow HTTP from anywhere"), "from_port":cty.NumberIntVal(80), "ipv6_cidr_blocks":cty.NullVal(cty.List(cty.String)), "prefix_list_ids":cty.NullVal(cty.List(cty.String)), "protocol":cty.StringVal("tcp"), "security_groups":cty.NullVal(cty.Set(cty.String)), "self":cty.NullVal(cty.Bool), "to_port":cty.NumberIntVal(80)}), cty.ObjectVal(map[string]cty.Value{"cidr_blocks":cty.ListVal([]cty.Value{cty.StringVal("0.0.0.0/0")}), "description":cty.StringVal("Allow ssh from anywhere"), "from_port":cty.NumberIntVal(22), "ipv6_cidr_blocks":cty.NullVal(cty.List(cty.String)), "prefix_list_ids":cty.NullVal(cty.List(cty.String)), "protocol":cty.StringVal("tcp"), "security_groups":cty.NullVal(cty.Set(cty.String)), "self":cty.NullVal(cty.Bool), "to_port":cty.NumberIntVal(22)})})
      - .revoke_rules_on_delete: planned value cty.False for a non-computed attribute
      - .egress: planned value cty.SetVal([]cty.Value{cty.ObjectVal(map[string]cty.Value{"cidr_blocks":cty.ListVal([]cty.Value{cty.StringVal("0.0.0.0/0")}), "description":cty.StringVal(""), "from_port":cty.NumberIntVal(0), "ipv6_cidr_blocks":cty.ListValEmpty(cty.String), "prefix_list_ids":cty.ListValEmpty(cty.String), "protocol":cty.StringVal("-1"), "security_groups":cty.SetValEmpty(cty.String), "self":cty.False, "to_port":cty.NumberIntVal(0)})}) does not match config value cty.SetVal([]cty.Value{cty.ObjectVal(map[string]cty.Value{"cidr_blocks":cty.ListVal([]cty.Value{cty.StringVal("0.0.0.0/0")}), "description":cty.NullVal(cty.String), "from_port":cty.NumberIntVal(0), "ipv6_cidr_blocks":cty.NullVal(cty.List(cty.String)), "prefix_list_ids":cty.NullVal(cty.List(cty.String)), "protocol":cty.StringVal("-1"), "security_groups":cty.NullVal(cty.Set(cty.String)), "self":cty.NullVal(cty.Bool), "to_port":cty.NumberIntVal(0)})})
2024-09-11T09:57:30.249+0900 [WARN]  Provider "registry.terraform.io/hashicorp/aws" produced an invalid plan for module.ec2_instance.aws_instance.this, but we are tolerating it because it is using the legacy plugin SDK.
    The following problems may be the cause of any confusing errors from downstream operations:
      - .vpc_security_group_ids: planned value cty.UnknownVal(cty.Set(cty.String)) does not match config value cty.SetVal([]cty.Value{cty.UnknownVal(cty.String)})
      - .source_dest_check: planned value cty.True for a non-computed attribute
      - .get_password_data: planned value cty.False for a non-computed attribute
      - .user_data: planned value cty.StringVal("713d97f2e2babce5f2ff1868549bec8911c6c686") does not match config value cty.StringVal("IyEvYmluL2Jhc2gNCmFwdCBpbnN0YWxsIC15IGN1cmwgZ251cGcyIGNhLWNlcnRpZmljYXRlcyBsc2ItcmVsZWFzZSB1YnVudHUta2V5cmluZw0KY3VybCBodHRwczovL25naW54Lm9yZy9rZXlzL25naW54X3NpZ25pbmcua2V5IHwgZ3BnIC0tZGVhcm1vciBcDQogIHwgc3VkbyB0ZWUgL3Vzci9zaGFyZS9rZXlyaW5ncy9uZ2lueC1hcmNoaXZlLWtleXJpbmcuZ3BnID4vZGV2L251bGwNCmVjaG8gImRlYiBbc2lnbmVkLWJ5PS91c3Ivc2hhcmUva2V5cmluZ3MvbmdpbngtYXJjaGl2ZS1rZXlyaW5nLmdwZ10gXA0KICBodHRwOi8vbmdpbngub3JnL3BhY2thZ2VzL3VidW50dSBgbHNiX3JlbGVhc2UgLWNzYCBuZ2lueCIgXA0KICB8IHN1ZG8gdGVlIC9ldGMvYXB0L3NvdXJjZXMubGlzdC5kL25naW54Lmxpc3QNCmVjaG8gLWUgIlBhY2thZ2U6ICpcblBpbjogb3JpZ2luIG5naW54Lm9yZ1xuUGluOiByZWxlYXNlIG89bmdpbnhcblBpbi1Qcmlvcml0eTogOTAwXG4iIFwNCiAgfCBzdWRvIHRlZSAvZXRjL2FwdC9wcmVmZXJlbmNlcy5kLzk5bmdpbngNCmFwdCB1cGRhdGUNCmFwdCBpbnN0YWxsIC15IG5naW54DQoNCmVjaG8gIjxoMT5IZWxsbywgV29ybGQhITwvaDE+IiA+IC91c3Ivc2hhcmUvbmdpbngvaHRtbC9pbmRleC5odG1sDQoNCnN5c3RlbWN0bCBzdGFydCBuZ2lueA0Kc3lzdGVtY3RsIGVuYWJsZSBuZ2lueA==")
      - .user_data_replace_on_change: planned value cty.False for a non-computed attribute
      - .ebs_block_device: attribute representing nested block must not be unknown itself; set nested attribute values to unknown instead
      - .instance_market_options: attribute representing nested block must not be unknown itself; set nested attribute values to unknown instead
      - .metadata_options: attribute representing nested block must not be unknown itself; set nested attribute values to unknown instead
      - .private_dns_name_options: attribute representing nested block must not be unknown itself; set nested attribute values to unknown instead
      - .enclave_options: attribute representing nested block must not be unknown itself; set nested attribute values to unknown instead
      - .maintenance_options: attribute representing nested block must not be unknown itself; set nested attribute values to unknown instead
      - .capacity_reservation_specification: attribute representing nested block must not be unknown itself; set nested attribute values to unknown instead
      - .cpu_options: attribute representing nested block must not be unknown itself; set nested attribute values to unknown instead
      - .ephemeral_block_device: attribute representing nested block must not be unknown itself; set nested attribute values to unknown instead
      - .network_interface: attribute representing nested block must not be unknown itself; set nested attribute values to unknown instead
2024-09-11T09:57:30.282+0900 [INFO]  provider: plugin process exited: plugin=.terraform/providers/registry.terraform.io/hashicorp/aws/5.66.0/windows_amd64/terraform-provider-aws_v5.66.0_x5.exe id=1708
2024-09-11T09:57:30.285+0900 [INFO]  backend/local: plan operation completed
2024-09-11T09:58:59.100+0900 [INFO]  Terraform version: 1.9.5
2024-09-11T09:58:59.124+0900 [INFO]  Go runtime version: go1.22.5
2024-09-11T09:58:59.124+0900 [INFO]  CLI args: []string{"C:\\Java\\terraform\\terraform.exe", "apply"}
2024-09-11T09:58:59.130+0900 [INFO]  CLI command args: []string{"apply"}
2024-09-11T09:59:00.749+0900 [INFO]  backend/local: starting Apply operation
2024-09-11T09:59:00.757+0900 [INFO]  provider: configuring client automatic mTLS
2024-09-11T09:59:00.984+0900 [INFO]  provider.terraform-provider-aws_v5.66.0_x5.exe: configuring server automatic mTLS: timestamp="2024-09-11T09:59:00.965+0900"
2024-09-11T09:59:02.083+0900 [INFO]  provider: plugin process exited: plugin=.terraform/providers/registry.terraform.io/hashicorp/aws/5.66.0/windows_amd64/terraform-provider-aws_v5.66.0_x5.exe id=4216
2024-09-11T09:59:02.093+0900 [INFO]  provider: configuring client automatic mTLS
2024-09-11T09:59:02.314+0900 [INFO]  provider.terraform-provider-aws_v5.66.0_x5.exe: configuring server automatic mTLS: timestamp="2024-09-11T09:59:02.287+0900"
2024-09-11T09:59:02.525+0900 [INFO]  provider: plugin process exited: plugin=.terraform/providers/registry.terraform.io/hashicorp/aws/5.66.0/windows_amd64/terraform-provider-aws_v5.66.0_x5.exe id=10680
2024-09-11T09:59:02.525+0900 [INFO]  backend/local: apply calling Plan
2024-09-11T09:59:02.528+0900 [INFO]  provider: configuring client automatic mTLS
2024-09-11T09:59:02.750+0900 [INFO]  provider.terraform-provider-aws_v5.66.0_x5.exe: configuring server automatic mTLS: timestamp="2024-09-11T09:59:02.727+0900"
2024-09-11T09:59:02.916+0900 [INFO]  provider.terraform-provider-aws_v5.66.0_x5.exe: Retrieved credentials: tf_mux_provider="*schema.GRPCProviderServer" tf_provider_addr=registry.terraform.io/hashicorp/aws tf_req_id=6e3901fb-0777-da62-b4fd-ccc25c89be30 @caller=github.com/hashicorp/aws-sdk-go-base/v2@v2.0.0-beta.55/logging/tf_logger.go:39 @module=aws.aws-base tf_aws.credentials_source="SharedConfigCredentials: C:\Users\cloud6a\.aws\credentials" tf_rpc=ConfigureProvider timestamp="2024-09-11T09:59:02.916+0900"
2024-09-11T09:59:02.980+0900 [INFO]  provider.terraform-provider-aws_v5.66.0_x5.exe: Retrieved caller identity from STS: @caller=github.com/hashicorp/aws-sdk-go-base/v2@v2.0.0-beta.55/logging/tf_logger.go:39 @module=aws.aws-base tf_provider_addr=registry.terraform.io/hashicorp/aws tf_rpc=ConfigureProvider tf_mux_provider="*schema.GRPCProviderServer" tf_req_id=6e3901fb-0777-da62-b4fd-ccc25c89be30 timestamp="2024-09-11T09:59:02.980+0900"
2024-09-11T09:59:02.995+0900 [WARN]  Provider "registry.terraform.io/hashicorp/aws" produced an invalid plan for module.security_group.aws_security_group.this, but we are tolerating it because it is using the legacy plugin SDK.
    The following problems may be the cause of any confusing errors from downstream operations:
      - .egress: planned value cty.SetVal([]cty.Value{cty.ObjectVal(map[string]cty.Value{"cidr_blocks":cty.ListVal([]cty.Value{cty.StringVal("0.0.0.0/0")}), "description":cty.StringVal(""), "from_port":cty.NumberIntVal(0), "ipv6_cidr_blocks":cty.ListValEmpty(cty.String), "prefix_list_ids":cty.ListValEmpty(cty.String), "protocol":cty.StringVal("-1"), "security_groups":cty.SetValEmpty(cty.String), "self":cty.False, "to_port":cty.NumberIntVal(0)})}) does not match config value cty.SetVal([]cty.Value{cty.ObjectVal(map[string]cty.Value{"cidr_blocks":cty.ListVal([]cty.Value{cty.StringVal("0.0.0.0/0")}), "description":cty.NullVal(cty.String), "from_port":cty.NumberIntVal(0), "ipv6_cidr_blocks":cty.NullVal(cty.List(cty.String)), "prefix_list_ids":cty.NullVal(cty.List(cty.String)), "protocol":cty.StringVal("-1"), "security_groups":cty.NullVal(cty.Set(cty.String)), "self":cty.NullVal(cty.Bool), "to_port":cty.NumberIntVal(0)})})
      - .ingress: planned value cty.SetVal([]cty.Value{cty.ObjectVal(map[string]cty.Value{"cidr_blocks":cty.ListVal([]cty.Value{cty.StringVal("0.0.0.0/0")}), "description":cty.StringVal("Allow HTTP from anywhere"), "from_port":cty.NumberIntVal(80), "ipv6_cidr_blocks":cty.ListValEmpty(cty.String), "prefix_list_ids":cty.ListValEmpty(cty.String), "protocol":cty.StringVal("tcp"), "security_groups":cty.SetValEmpty(cty.String), "self":cty.False, "to_port":cty.NumberIntVal(80)}), cty.ObjectVal(map[string]cty.Value{"cidr_blocks":cty.ListVal([]cty.Value{cty.StringVal("0.0.0.0/0")}), "description":cty.StringVal("Allow ssh from anywhere"), "from_port":cty.NumberIntVal(22), "ipv6_cidr_blocks":cty.ListValEmpty(cty.String), "prefix_list_ids":cty.ListValEmpty(cty.String), "protocol":cty.StringVal("tcp"), "security_groups":cty.SetValEmpty(cty.String), "self":cty.False, "to_port":cty.NumberIntVal(22)})}) does not match config value cty.SetVal([]cty.Value{cty.ObjectVal(map[string]cty.Value{"cidr_blocks":cty.ListVal([]cty.Value{cty.StringVal("0.0.0.0/0")}), "description":cty.StringVal("Allow HTTP from anywhere"), "from_port":cty.NumberIntVal(80), "ipv6_cidr_blocks":cty.NullVal(cty.List(cty.String)), "prefix_list_ids":cty.NullVal(cty.List(cty.String)), "protocol":cty.StringVal("tcp"), "security_groups":cty.NullVal(cty.Set(cty.String)), "self":cty.NullVal(cty.Bool), "to_port":cty.NumberIntVal(80)}), cty.ObjectVal(map[string]cty.Value{"cidr_blocks":cty.ListVal([]cty.Value{cty.StringVal("0.0.0.0/0")}), "description":cty.StringVal("Allow ssh from anywhere"), "from_port":cty.NumberIntVal(22), "ipv6_cidr_blocks":cty.NullVal(cty.List(cty.String)), "prefix_list_ids":cty.NullVal(cty.List(cty.String)), "protocol":cty.StringVal("tcp"), "security_groups":cty.NullVal(cty.Set(cty.String)), "self":cty.NullVal(cty.Bool), "to_port":cty.NumberIntVal(22)})})
      - .revoke_rules_on_delete: planned value cty.False for a non-computed attribute
2024-09-11T09:59:03.004+0900 [WARN]  Provider "registry.terraform.io/hashicorp/aws" produced an invalid plan for module.ec2_instance.aws_instance.this, but we are tolerating it because it is using the legacy plugin SDK.
    The following problems may be the cause of any confusing errors from downstream operations:
      - .source_dest_check: planned value cty.True for a non-computed attribute
      - .user_data: planned value cty.StringVal("713d97f2e2babce5f2ff1868549bec8911c6c686") does not match config value cty.StringVal("IyEvYmluL2Jhc2gNCmFwdCBpbnN0YWxsIC15IGN1cmwgZ251cGcyIGNhLWNlcnRpZmljYXRlcyBsc2ItcmVsZWFzZSB1YnVudHUta2V5cmluZw0KY3VybCBodHRwczovL25naW54Lm9yZy9rZXlzL25naW54X3NpZ25pbmcua2V5IHwgZ3BnIC0tZGVhcm1vciBcDQogIHwgc3VkbyB0ZWUgL3Vzci9zaGFyZS9rZXlyaW5ncy9uZ2lueC1hcmNoaXZlLWtleXJpbmcuZ3BnID4vZGV2L251bGwNCmVjaG8gImRlYiBbc2lnbmVkLWJ5PS91c3Ivc2hhcmUva2V5cmluZ3MvbmdpbngtYXJjaGl2ZS1rZXlyaW5nLmdwZ10gXA0KICBodHRwOi8vbmdpbngub3JnL3BhY2thZ2VzL3VidW50dSBgbHNiX3JlbGVhc2UgLWNzYCBuZ2lueCIgXA0KICB8IHN1ZG8gdGVlIC9ldGMvYXB0L3NvdXJjZXMubGlzdC5kL25naW54Lmxpc3QNCmVjaG8gLWUgIlBhY2thZ2U6ICpcblBpbjogb3JpZ2luIG5naW54Lm9yZ1xuUGluOiByZWxlYXNlIG89bmdpbnhcblBpbi1Qcmlvcml0eTogOTAwXG4iIFwNCiAgfCBzdWRvIHRlZSAvZXRjL2FwdC9wcmVmZXJlbmNlcy5kLzk5bmdpbngNCmFwdCB1cGRhdGUNCmFwdCBpbnN0YWxsIC15IG5naW54DQoNCmVjaG8gIjxoMT5IZWxsbywgV29ybGQhITwvaDE+IiA+IC91c3Ivc2hhcmUvbmdpbngvaHRtbC9pbmRleC5odG1sDQoNCnN5c3RlbWN0bCBzdGFydCBuZ2lueA0Kc3lzdGVtY3RsIGVuYWJsZSBuZ2lueA==")
      - .get_password_data: planned value cty.False for a non-computed attribute
      - .vpc_security_group_ids: planned value cty.UnknownVal(cty.Set(cty.String)) does not match config value cty.SetVal([]cty.Value{cty.UnknownVal(cty.String)})
      - .user_data_replace_on_change: planned value cty.False for a non-computed attribute
      - .cpu_options: attribute representing nested block must not be unknown itself; set nested attribute values to unknown instead
      - .ebs_block_device: attribute representing nested block must not be unknown itself; set nested attribute values to unknown instead
      - .ephemeral_block_device: attribute representing nested block must not be unknown itself; set nested attribute values to unknown instead
      - .private_dns_name_options: attribute representing nested block must not be unknown itself; set nested attribute values to unknown instead
      - .enclave_options: attribute representing nested block must not be unknown itself; set nested attribute values to unknown instead
      - .instance_market_options: attribute representing nested block must not be unknown itself; set nested attribute values to unknown instead
      - .metadata_options: attribute representing nested block must not be unknown itself; set nested attribute values to unknown instead
      - .capacity_reservation_specification: attribute representing nested block must not be unknown itself; set nested attribute values to unknown instead
      - .maintenance_options: attribute representing nested block must not be unknown itself; set nested attribute values to unknown instead
      - .network_interface: attribute representing nested block must not be unknown itself; set nested attribute values to unknown instead
2024-09-11T09:59:03.042+0900 [INFO]  provider: plugin process exited: plugin=.terraform/providers/registry.terraform.io/hashicorp/aws/5.66.0/windows_amd64/terraform-provider-aws_v5.66.0_x5.exe id=4364
2024-09-11T09:59:05.153+0900 [INFO]  backend/local: apply calling Apply
2024-09-11T09:59:05.174+0900 [INFO]  provider: configuring client automatic mTLS
2024-09-11T09:59:05.400+0900 [INFO]  provider.terraform-provider-aws_v5.66.0_x5.exe: configuring server automatic mTLS: timestamp="2024-09-11T09:59:05.375+0900"
2024-09-11T09:59:05.565+0900 [INFO]  provider.terraform-provider-aws_v5.66.0_x5.exe: Retrieved credentials: @module=aws.aws-base tf_provider_addr=registry.terraform.io/hashicorp/aws tf_req_id=a408b93b-c2f7-0ff5-417d-bea81310d372 tf_mux_provider="*schema.GRPCProviderServer" tf_rpc=ConfigureProvider @caller=github.com/hashicorp/aws-sdk-go-base/v2@v2.0.0-beta.55/logging/tf_logger.go:39 tf_aws.credentials_source="SharedConfigCredentials: C:\Users\cloud6a\.aws\credentials" timestamp="2024-09-11T09:59:05.565+0900"
2024-09-11T09:59:05.615+0900 [INFO]  provider.terraform-provider-aws_v5.66.0_x5.exe: Retrieved caller identity from STS: tf_provider_addr=registry.terraform.io/hashicorp/aws @caller=github.com/hashicorp/aws-sdk-go-base/v2@v2.0.0-beta.55/logging/tf_logger.go:39 @module=aws.aws-base tf_mux_provider="*schema.GRPCProviderServer" tf_req_id=a408b93b-c2f7-0ff5-417d-bea81310d372 tf_rpc=ConfigureProvider timestamp="2024-09-11T09:59:05.615+0900"
2024-09-11T09:59:05.629+0900 [WARN]  Provider "registry.terraform.io/hashicorp/aws" produced an invalid plan for module.security_group.aws_security_group.this, but we are tolerating it because it is using the legacy plugin SDK.
    The following problems may be the cause of any confusing errors from downstream operations:
      - .egress: planned value cty.SetVal([]cty.Value{cty.ObjectVal(map[string]cty.Value{"cidr_blocks":cty.ListVal([]cty.Value{cty.StringVal("0.0.0.0/0")}), "description":cty.StringVal(""), "from_port":cty.NumberIntVal(0), "ipv6_cidr_blocks":cty.ListValEmpty(cty.String), "prefix_list_ids":cty.ListValEmpty(cty.String), "protocol":cty.StringVal("-1"), "security_groups":cty.SetValEmpty(cty.String), "self":cty.False, "to_port":cty.NumberIntVal(0)})}) does not match config value cty.SetVal([]cty.Value{cty.ObjectVal(map[string]cty.Value{"cidr_blocks":cty.ListVal([]cty.Value{cty.StringVal("0.0.0.0/0")}), "description":cty.NullVal(cty.String), "from_port":cty.NumberIntVal(0), "ipv6_cidr_blocks":cty.NullVal(cty.List(cty.String)), "prefix_list_ids":cty.NullVal(cty.List(cty.String)), "protocol":cty.StringVal("-1"), "security_groups":cty.NullVal(cty.Set(cty.String)), "self":cty.NullVal(cty.Bool), "to_port":cty.NumberIntVal(0)})})
      - .ingress: planned value cty.SetVal([]cty.Value{cty.ObjectVal(map[string]cty.Value{"cidr_blocks":cty.ListVal([]cty.Value{cty.StringVal("0.0.0.0/0")}), "description":cty.StringVal("Allow HTTP from anywhere"), "from_port":cty.NumberIntVal(80), "ipv6_cidr_blocks":cty.ListValEmpty(cty.String), "prefix_list_ids":cty.ListValEmpty(cty.String), "protocol":cty.StringVal("tcp"), "security_groups":cty.SetValEmpty(cty.String), "self":cty.False, "to_port":cty.NumberIntVal(80)}), cty.ObjectVal(map[string]cty.Value{"cidr_blocks":cty.ListVal([]cty.Value{cty.StringVal("0.0.0.0/0")}), "description":cty.StringVal("Allow ssh from anywhere"), "from_port":cty.NumberIntVal(22), "ipv6_cidr_blocks":cty.ListValEmpty(cty.String), "prefix_list_ids":cty.ListValEmpty(cty.String), "protocol":cty.StringVal("tcp"), "security_groups":cty.SetValEmpty(cty.String), "self":cty.False, "to_port":cty.NumberIntVal(22)})}) does not match config value cty.SetVal([]cty.Value{cty.ObjectVal(map[string]cty.Value{"cidr_blocks":cty.ListVal([]cty.Value{cty.StringVal("0.0.0.0/0")}), "description":cty.StringVal("Allow HTTP from anywhere"), "from_port":cty.NumberIntVal(80), "ipv6_cidr_blocks":cty.NullVal(cty.List(cty.String)), "prefix_list_ids":cty.NullVal(cty.List(cty.String)), "protocol":cty.StringVal("tcp"), "security_groups":cty.NullVal(cty.Set(cty.String)), "self":cty.NullVal(cty.Bool), "to_port":cty.NumberIntVal(80)}), cty.ObjectVal(map[string]cty.Value{"cidr_blocks":cty.ListVal([]cty.Value{cty.StringVal("0.0.0.0/0")}), "description":cty.StringVal("Allow ssh from anywhere"), "from_port":cty.NumberIntVal(22), "ipv6_cidr_blocks":cty.NullVal(cty.List(cty.String)), "prefix_list_ids":cty.NullVal(cty.List(cty.String)), "protocol":cty.StringVal("tcp"), "security_groups":cty.NullVal(cty.Set(cty.String)), "self":cty.NullVal(cty.Bool), "to_port":cty.NumberIntVal(22)})})
      - .revoke_rules_on_delete: planned value cty.False for a non-computed attribute
2024-09-11T09:59:05.630+0900 [INFO]  Starting apply for module.security_group.aws_security_group.this
2024-09-11T09:59:07.992+0900 [WARN]  Provider "registry.terraform.io/hashicorp/aws" produced an invalid plan for module.ec2_instance.aws_instance.this, but we are tolerating it because it is using the legacy plugin SDK.
    The following problems may be the cause of any confusing errors from downstream operations:
      - .get_password_data: planned value cty.False for a non-computed attribute
      - .user_data_replace_on_change: planned value cty.False for a non-computed attribute
      - .source_dest_check: planned value cty.True for a non-computed attribute
      - .user_data: planned value cty.StringVal("713d97f2e2babce5f2ff1868549bec8911c6c686") does not match config value cty.StringVal("IyEvYmluL2Jhc2gNCmFwdCBpbnN0YWxsIC15IGN1cmwgZ251cGcyIGNhLWNlcnRpZmljYXRlcyBsc2ItcmVsZWFzZSB1YnVudHUta2V5cmluZw0KY3VybCBodHRwczovL25naW54Lm9yZy9rZXlzL25naW54X3NpZ25pbmcua2V5IHwgZ3BnIC0tZGVhcm1vciBcDQogIHwgc3VkbyB0ZWUgL3Vzci9zaGFyZS9rZXlyaW5ncy9uZ2lueC1hcmNoaXZlLWtleXJpbmcuZ3BnID4vZGV2L251bGwNCmVjaG8gImRlYiBbc2lnbmVkLWJ5PS91c3Ivc2hhcmUva2V5cmluZ3MvbmdpbngtYXJjaGl2ZS1rZXlyaW5nLmdwZ10gXA0KICBodHRwOi8vbmdpbngub3JnL3BhY2thZ2VzL3VidW50dSBgbHNiX3JlbGVhc2UgLWNzYCBuZ2lueCIgXA0KICB8IHN1ZG8gdGVlIC9ldGMvYXB0L3NvdXJjZXMubGlzdC5kL25naW54Lmxpc3QNCmVjaG8gLWUgIlBhY2thZ2U6ICpcblBpbjogb3JpZ2luIG5naW54Lm9yZ1xuUGluOiByZWxlYXNlIG89bmdpbnhcblBpbi1Qcmlvcml0eTogOTAwXG4iIFwNCiAgfCBzdWRvIHRlZSAvZXRjL2FwdC9wcmVmZXJlbmNlcy5kLzk5bmdpbngNCmFwdCB1cGRhdGUNCmFwdCBpbnN0YWxsIC15IG5naW54DQoNCmVjaG8gIjxoMT5IZWxsbywgV29ybGQhITwvaDE+IiA+IC91c3Ivc2hhcmUvbmdpbngvaHRtbC9pbmRleC5odG1sDQoNCnN5c3RlbWN0bCBzdGFydCBuZ2lueA0Kc3lzdGVtY3RsIGVuYWJsZSBuZ2lueA==")
      - .capacity_reservation_specification: attribute representing nested block must not be unknown itself; set nested attribute values to unknown instead
      - .maintenance_options: attribute representing nested block must not be unknown itself; set nested attribute values to unknown instead
      - .network_interface: attribute representing nested block must not be unknown itself; set nested attribute values to unknown instead
      - .private_dns_name_options: attribute representing nested block must not be unknown itself; set nested attribute values to unknown instead
      - .cpu_options: attribute representing nested block must not be unknown itself; set nested attribute values to unknown instead
      - .ebs_block_device: attribute representing nested block must not be unknown itself; set nested attribute values to unknown instead
      - .ephemeral_block_device: attribute representing nested block must not be unknown itself; set nested attribute values to unknown instead
      - .enclave_options: attribute representing nested block must not be unknown itself; set nested attribute values to unknown instead
      - .instance_market_options: attribute representing nested block must not be unknown itself; set nested attribute values to unknown instead
      - .metadata_options: attribute representing nested block must not be unknown itself; set nested attribute values to unknown instead
2024-09-11T09:59:07.993+0900 [INFO]  Starting apply for module.ec2_instance.aws_instance.this
2024-09-11T09:59:40.262+0900 [WARN]  Provider "provider[\"registry.terraform.io/hashicorp/aws\"]" produced an unexpected new value for module.ec2_instance.aws_instance.this, but we are tolerating it because it is using the legacy plugin SDK.
    The following problems may be the cause of any confusing errors from downstream operations:
      - .hibernation: was null, but now cty.False
      - .credit_specification: block count changed from 0 to 1
2024-09-11T09:59:40.343+0900 [INFO]  provider: plugin process exited: plugin=.terraform/providers/registry.terraform.io/hashicorp/aws/5.66.0/windows_amd64/terraform-provider-aws_v5.66.0_x5.exe id=8240
2024-09-11T10:00:33.114+0900 [INFO]  Terraform version: 1.9.5
2024-09-11T10:00:33.132+0900 [INFO]  Go runtime version: go1.22.5
2024-09-11T10:00:33.132+0900 [INFO]  CLI args: []string{"C:\\Java\\terraform\\terraform.exe", "destroy"}
2024-09-11T10:00:33.137+0900 [INFO]  CLI command args: []string{"destroy"}
2024-09-11T10:00:34.753+0900 [INFO]  backend/local: starting Apply operation
2024-09-11T10:00:34.763+0900 [INFO]  provider: configuring client automatic mTLS
2024-09-11T10:00:34.999+0900 [INFO]  provider.terraform-provider-aws_v5.66.0_x5.exe: configuring server automatic mTLS: timestamp="2024-09-11T10:00:34.979+0900"
2024-09-11T10:00:36.075+0900 [INFO]  provider: plugin process exited: plugin=.terraform/providers/registry.terraform.io/hashicorp/aws/5.66.0/windows_amd64/terraform-provider-aws_v5.66.0_x5.exe id=11152
2024-09-11T10:00:36.085+0900 [INFO]  provider: configuring client automatic mTLS
2024-09-11T10:00:36.311+0900 [INFO]  provider.terraform-provider-aws_v5.66.0_x5.exe: configuring server automatic mTLS: timestamp="2024-09-11T10:00:36.291+0900"
2024-09-11T10:00:36.521+0900 [INFO]  provider: plugin process exited: plugin=.terraform/providers/registry.terraform.io/hashicorp/aws/5.66.0/windows_amd64/terraform-provider-aws_v5.66.0_x5.exe id=4280
2024-09-11T10:00:36.521+0900 [INFO]  backend/local: apply calling Plan
2024-09-11T10:00:36.526+0900 [INFO]  provider: configuring client automatic mTLS
2024-09-11T10:00:36.742+0900 [INFO]  provider.terraform-provider-aws_v5.66.0_x5.exe: configuring server automatic mTLS: timestamp="2024-09-11T10:00:36.717+0900"
2024-09-11T10:00:36.906+0900 [INFO]  provider.terraform-provider-aws_v5.66.0_x5.exe: Retrieved credentials: @caller=github.com/hashicorp/aws-sdk-go-base/v2@v2.0.0-beta.55/logging/tf_logger.go:39 @module=aws.aws-base tf_aws.credentials_source="SharedConfigCredentials: C:\Users\cloud6a\.aws\credentials" tf_rpc=ConfigureProvider tf_mux_provider="*schema.GRPCProviderServer" tf_provider_addr=registry.terraform.io/hashicorp/aws tf_req_id=c5896b83-ad31-781d-3182-b14422cea07c timestamp="2024-09-11T10:00:36.906+0900"
2024-09-11T10:00:36.968+0900 [INFO]  provider.terraform-provider-aws_v5.66.0_x5.exe: Retrieved caller identity from STS: tf_provider_addr=registry.terraform.io/hashicorp/aws tf_rpc=ConfigureProvider @module=aws.aws-base tf_mux_provider="*schema.GRPCProviderServer" tf_req_id=c5896b83-ad31-781d-3182-b14422cea07c @caller=github.com/hashicorp/aws-sdk-go-base/v2@v2.0.0-beta.55/logging/tf_logger.go:39 timestamp="2024-09-11T10:00:36.968+0900"
2024-09-11T10:00:37.129+0900 [WARN]  Provider "registry.terraform.io/hashicorp/aws" produced an invalid plan for module.security_group.aws_security_group.this, but we are tolerating it because it is using the legacy plugin SDK.
    The following problems may be the cause of any confusing errors from downstream operations:
      - .revoke_rules_on_delete: planned value cty.False for a non-computed attribute
2024-09-11T10:00:38.013+0900 [WARN]  Provider "registry.terraform.io/hashicorp/aws" produced an unexpected new value for module.ec2_instance.aws_instance.this during refresh.
      - .root_block_device[0].tags: was null, but now cty.MapValEmpty(cty.String)
2024-09-11T10:00:38.046+0900 [WARN]  Provider "registry.terraform.io/hashicorp/aws" produced an invalid plan for module.ec2_instance.aws_instance.this, but we are tolerating it because it is using the legacy plugin SDK.
    The following problems may be the cause of any confusing errors from downstream operations:
      - .hibernation: planned value cty.False for a non-computed attribute
      - .get_password_data: planned value cty.False for a non-computed attribute
      - .source_dest_check: planned value cty.True for a non-computed attribute
      - .user_data_replace_on_change: planned value cty.False for a non-computed attribute
      - .credit_specification: block count in plan (1) disagrees with count in config (0)
      - .metadata_options: block count in plan (1) disagrees with count in config (0)
      - .capacity_reservation_specification: block count in plan (1) disagrees with count in config (0)
      - .cpu_options: block count in plan (1) disagrees with count in config (0)
      - .enclave_options: block count in plan (1) disagrees with count in config (0)
      - .maintenance_options: block count in plan (1) disagrees with count in config (0)
      - .private_dns_name_options: block count in plan (1) disagrees with count in config (0)
      - .root_block_device[0].tags: planned value cty.MapValEmpty(cty.String) for a non-computed attribute
2024-09-11T10:00:38.122+0900 [INFO]  provider: plugin process exited: plugin=.terraform/providers/registry.terraform.io/hashicorp/aws/5.66.0/windows_amd64/terraform-provider-aws_v5.66.0_x5.exe id=3972
2024-09-11T10:00:38.126+0900 [INFO]  provider: configuring client automatic mTLS
2024-09-11T10:00:38.350+0900 [INFO]  provider.terraform-provider-aws_v5.66.0_x5.exe: configuring server automatic mTLS: timestamp="2024-09-11T10:00:38.327+0900"
2024-09-11T10:00:38.502+0900 [INFO]  provider.terraform-provider-aws_v5.66.0_x5.exe: Retrieved credentials: @caller=github.com/hashicorp/aws-sdk-go-base/v2@v2.0.0-beta.55/logging/tf_logger.go:39 @module=aws.aws-base tf_aws.credentials_source="SharedConfigCredentials: C:\Users\cloud6a\.aws\credentials" tf_mux_provider="*schema.GRPCProviderServer" tf_provider_addr=registry.terraform.io/hashicorp/aws tf_req_id=39dc847b-803d-476d-3f3a-cfeae9199847 tf_rpc=ConfigureProvider timestamp="2024-09-11T10:00:38.502+0900"
2024-09-11T10:00:38.554+0900 [INFO]  provider.terraform-provider-aws_v5.66.0_x5.exe: Retrieved caller identity from STS: tf_mux_provider="*schema.GRPCProviderServer" tf_provider_addr=registry.terraform.io/hashicorp/aws tf_rpc=ConfigureProvider tf_req_id=39dc847b-803d-476d-3f3a-cfeae9199847 @caller=github.com/hashicorp/aws-sdk-go-base/v2@v2.0.0-beta.55/logging/tf_logger.go:39 @module=aws.aws-base timestamp="2024-09-11T10:00:38.554+0900"
2024-09-11T10:00:38.607+0900 [INFO]  provider: plugin process exited: plugin=.terraform/providers/registry.terraform.io/hashicorp/aws/5.66.0/windows_amd64/terraform-provider-aws_v5.66.0_x5.exe id=3316
2024-09-11T10:00:40.257+0900 [INFO]  backend/local: apply calling Apply
2024-09-11T10:00:40.259+0900 [INFO]  provider: configuring client automatic mTLS
2024-09-11T10:00:40.494+0900 [INFO]  provider.terraform-provider-aws_v5.66.0_x5.exe: configuring server automatic mTLS: timestamp="2024-09-11T10:00:40.473+0900"
2024-09-11T10:00:40.654+0900 [INFO]  provider.terraform-provider-aws_v5.66.0_x5.exe: Retrieved credentials: tf_mux_provider="*schema.GRPCProviderServer" tf_provider_addr=registry.terraform.io/hashicorp/aws tf_req_id=24bb0ba2-0780-733f-9ad8-0eb7845351f5 tf_aws.credentials_source="SharedConfigCredentials: C:\Users\cloud6a\.aws\credentials" tf_rpc=ConfigureProvider @caller=github.com/hashicorp/aws-sdk-go-base/v2@v2.0.0-beta.55/logging/tf_logger.go:39 @module=aws.aws-base timestamp="2024-09-11T10:00:40.654+0900"
2024-09-11T10:00:40.709+0900 [INFO]  provider.terraform-provider-aws_v5.66.0_x5.exe: Retrieved caller identity from STS: tf_rpc=ConfigureProvider @caller=github.com/hashicorp/aws-sdk-go-base/v2@v2.0.0-beta.55/logging/tf_logger.go:39 tf_mux_provider="*schema.GRPCProviderServer" @module=aws.aws-base tf_provider_addr=registry.terraform.io/hashicorp/aws tf_req_id=24bb0ba2-0780-733f-9ad8-0eb7845351f5 timestamp="2024-09-11T10:00:40.709+0900"
2024-09-11T10:00:40.721+0900 [INFO]  Starting apply for module.ec2_instance.aws_instance.this
2024-09-11T10:01:21.022+0900 [INFO]  Starting apply for module.security_group.aws_security_group.this
2024-09-11T10:01:21.102+0900 [INFO]  provider.terraform-provider-aws_v5.66.0_x5.exe: Deleting EC2 Security Group: tf_mux_provider="*schema.GRPCProviderServer" tf_req_id=6be486f2-6583-6377-f286-b98ad3f50658 vpc_id=vpc-0c087ee78a92de55f tf_resource_type=aws_security_group tf_rpc=ApplyResourceChange @caller=github.com/hashicorp/terraform-provider-aws/internal/service/ec2/vpc_security_group.go:378 @module=aws id=sg-04439933c15704582 tf_provider_addr=registry.terraform.io/hashicorp/aws timestamp="2024-09-11T10:01:21.102+0900"
2024-09-11T10:01:21.624+0900 [INFO]  provider: plugin process exited: plugin=.terraform/providers/registry.terraform.io/hashicorp/aws/5.66.0/windows_amd64/terraform-provider-aws_v5.66.0_x5.exe id=4600
